WARNING: A restricted method in java.lang.System has been called
WARNING: java.lang.System::load has been called by net.rubygrapefruit.platform.internal.NativeLibraryLoader in an unnamed module (file:/Users/aniskedidi/.gradle/wrapper/dists/gradle-8.13-bin/5xuhj0ry160q40clulazy9h7d/gradle-8.13/lib/native-platform-0.22-milestone-28.jar)
WARNING: Use --enable-native-access=ALL-UNNAMED to avoid a warning for callers in this module
WARNING: Restricted methods will be blocked in a future release unless native access is enabled

> Task :app:preBuild UP-TO-DATE
> Task :app:preDebugBuild UP-TO-DATE
> Task :app:javaPreCompileDebug UP-TO-DATE
> Task :app:checkDebugAarMetadata UP-TO-DATE
> Task :app:generateDebugResValues UP-TO-DATE
> Task :app:mapDebugSourceSetPaths UP-TO-DATE
> Task :app:generateDebugResources UP-TO-DATE
> Task :app:mergeDebugResources UP-TO-DATE
> Task :app:packageDebugResources UP-TO-DATE
> Task :app:parseDebugLocalResources UP-TO-DATE
> Task :app:createDebugCompatibleScreenManifests UP-TO-DATE
> Task :app:extractDeepLinksDebug UP-TO-DATE
> Task :app:processDebugMainManifest UP-TO-DATE
> Task :app:processDebugManifest UP-TO-DATE
> Task :app:processDebugManifestForPackage UP-TO-DATE
> Task :app:processDebugResources UP-TO-DATE

> Task :app:compileDebugJavaWithJavac FAILED
Java compiler version 21 has deprecated support for compiling with source/target version 8.
Try one of the following options:
    1. [Recommended] Use Java toolchain with a lower language version
    2. Set a higher source/target version
    3. Use a lower version of the JDK running the build (if you're not using Java toolchain)
For more details on how to configure these settings, see https://developer.android.com/build/jdks.
To suppress this warning, set android.javaCompile.suppressSourceTargetDeprecationWarning=true in gradle.properties.
warning: [options] source value 8 is obsolete and will be removed in a future release
warning: [options] target value 8 is obsolete and will be removed in a future release
warning: [options] To suppress warnings about obsolete options, use -Xlint:-options.
/Users/aniskedidi/Documents/perso/AnisFlix/android-native/app/src/main/java/com/anisflix/ui/home/HomeFragment.java:81: error: cannot find symbol
       setupSearchInput();
       ^
  symbol:   method setupSearchInput()
  location: class HomeFragment
/Users/aniskedidi/Documents/perso/AnisFlix/android-native/app/src/main/java/com/anisflix/ui/search/SearchViewModel.java:35: error: incompatible types: <anonymous Callback<TMDBResponse<Movie>>> cannot be converted to Callback<TMDBResponse<MultiSearchItem>>
                .enqueue(new Callback<TMDBResponse<Movie>>() {
                         ^
Note: Some input files use unchecked or unsafe operations.
Note: Recompile with -Xlint:unchecked for details.
Note: Some messages have been simplified; recompile with -Xdiags:verbose to get full output
2 errors
3 warnings

[Incubating] Problems report is available at: file:///Users/aniskedidi/Documents/perso/AnisFlix/android-native/build/reports/problems/problems-report.html

FAILURE: Build failed with an exception.

* What went wrong:
Execution failed for task ':app:compileDebugJavaWithJavac'.
> Compilation failed; see the compiler output below.
  warning: [options] source value 8 is obsolete and will be removed in a future release
  warning: [options] target value 8 is obsolete and will be removed in a future release
  warning: [options] To suppress warnings about obsolete options, use -Xlint:-options.
  /Users/aniskedidi/Documents/perso/AnisFlix/android-native/app/src/main/java/com/anisflix/ui/home/HomeFragment.java:81: error: cannot find symbol
         setupSearchInput();
         ^
    symbol:   method setupSearchInput()
    location: class HomeFragment
  /Users/aniskedidi/Documents/perso/AnisFlix/android-native/app/src/main/java/com/anisflix/ui/search/SearchViewModel.java:35: error: incompatible types: <anonymous Callback<TMDBResponse<Movie>>> cannot be converted to Callback<TMDBResponse<MultiSearchItem>>
                  .enqueue(new Callback<TMDBResponse<Movie>>() {
                           ^
  Note: Some input files use unchecked or unsafe operations.
  Note: Recompile with -Xlint:unchecked for details.
  Note: Some messages have been simplified; recompile with -Xdiags:verbose to get full output
  2 errors
  3 warnings

* Try:
> Check your code and dependencies to fix the compilation error(s)
> Run with --scan to get full insights.

Deprecated Gradle features were used in this build, making it incompatible with Gradle 9.0.

You can use '--warning-mode all' to show the individual deprecation warnings and determine if they come from your own scripts or plugins.

For more on this, please refer to https://docs.gradle.org/8.13/userguide/command_line_interface.html#sec:command_line_warnings in the Gradle documentation.

BUILD FAILED in 3s
15 actionable tasks: 1 executed, 14 up-to-date
